<?xml version="1.0" encoding="UTF-8"?>
<!-- Generated by org.testng.reporters.JUnitXMLReporter -->
<testsuite ignored="1" hostname="DESKTOP-AQ2OAPI" failures="0" tests="1" name="Default test" time="8.183" errors="0" timestamp="2023-03-25T17:37:25 IST">
  <testcase classname="xuriti.TC_0006_NBFC_BuyerMapping" name="TM0002testNBFC_BuyerAndSellerMapping" time="8.145"/>
  <testcase classname="xuriti.TC_0006_NBFC_BuyerMapping" name="TM0001testSearchNBFC" time="0.0">
    <ignored/>
  </testcase> <!-- TM0001testSearchNBFC -->
</testsuite> <!-- Default test -->
