<?xml version="1.0" encoding="UTF-8"?>
<testng-results ignored="0" total="1" passed="1" failed="0" skipped="0">
  <reporter-output>
  </reporter-output>
  <suite started-at="2023-03-26T12:38:10 IST" name="Default suite" finished-at="2023-03-26T12:38:14 IST" duration-ms="4036">
    <groups>
    </groups>
    <test started-at="2023-03-26T12:38:10 IST" name="Default test" finished-at="2023-03-26T12:38:14 IST" duration-ms="4036">
      <class name="xuriti.DateConvert">
        <test-method signature="convertDate()[pri:0, instance:xuriti.DateConvert@5ace1ed4]" started-at="2023-03-26T12:38:10 IST" name="convertDate" finished-at="2023-03-26T12:38:14 IST" duration-ms="3971" status="PASS">
          <reporter-output>
          </reporter-output>
        </test-method> <!-- convertDate -->
      </class> <!-- xuriti.DateConvert -->
    </test> <!-- Default test -->
  </suite> <!-- Default suite -->
</testng-results>
