<?xml version="1.0" encoding="UTF-8"?>
<testng-results ignored="1" total="2" passed="1" failed="0" skipped="0">
  <reporter-output>
    <line>
      <![CDATA[NBFC_BuyerAndSellerMapping]]>
    </line>
  </reporter-output>
  <suite started-at="2023-03-25T17:37:17 IST" name="Default suite" finished-at="2023-03-25T17:37:25 IST" duration-ms="8183">
    <groups>
    </groups>
    <test started-at="2023-03-25T17:37:17 IST" name="Default test" finished-at="2023-03-25T17:37:25 IST" duration-ms="8183">
      <class name="xuriti.TC_0006_NBFC_BuyerMapping">
        <test-method signature="TM0002testNBFC_BuyerAndSellerMapping()[pri:2, instance:xuriti.TC_0006_NBFC_BuyerMapping@1613674b]" started-at="2023-03-25T17:37:17 IST" name="TM0002testNBFC_BuyerAndSellerMapping" finished-at="2023-03-25T17:37:25 IST" duration-ms="8145" status="PASS">
          <reporter-output>
            <line>
              <![CDATA[NBFC_BuyerAndSellerMapping]]>
            </line>
          </reporter-output>
        </test-method> <!-- TM0002testNBFC_BuyerAndSellerMapping -->
      </class> <!-- xuriti.TC_0006_NBFC_BuyerMapping -->
    </test> <!-- Default test -->
  </suite> <!-- Default suite -->
</testng-results>
