<?xml version="1.0" encoding="UTF-8"?>
<!-- Generated by org.testng.reporters.JUnitXMLReporter -->
<testsuite ignored="0" hostname="DESKTOP-AQ2OAPI" failures="0" tests="27" name="Test" time="186.206" errors="0" timestamp="2023-03-22T18:09:55 IST">
  <testcase classname="xuriti.TC_0001_LoginModule" name="TM001testUserLogin" time="13.562"/>
  <testcase classname="xuriti.TC_0001_LoginModule" name="TM002testAdminLogin" time="0.402"/>
  <testcase classname="xuriti.TC_0001_LoginModule" name="TM003testManagerLogin" time="0.352"/>
  <testcase classname="xuriti.TC_0002_CreateCompany" name="TM0001testSearchGST" time="0.486"/>
  <testcase classname="xuriti.TC_0002_CreateCompany" name="TM0002testCreateCompanyAsBuyer" time="5.372"/>
  <testcase classname="xuriti.TC_0002_CreateCompany" name="TM0003testCreateCompanyAsSeller" time="5.293"/>
  <testcase classname="xuriti.TC_0003_ApproveCompany" name="TM0001testSearchBuyerCompany" time="41.016"/>
  <testcase classname="xuriti.TC_0003_ApproveCompany" name="TM0002testSearchSellerCompany" time="49.792"/>
  <testcase classname="xuriti.TC_0003_ApproveCompany" name="TM0003testApproveBuyerCompany" time="16.567"/>
  <testcase classname="xuriti.TC_0003_ApproveCompany" name="TM0004testApproveSellerCompany" time="5.402"/>
  <testcase classname="xuriti.TC_0004_CreateSellerCreditPlan" name="TM0001testCreateSellerCreditPlan" time="5.115"/>
  <testcase classname="xuriti.TC_0005_AddBuyerInSellerCreditPlan" name="TM0001testGetCreditPlan" time="5.467"/>
  <testcase classname="xuriti.TC_0005_AddBuyerInSellerCreditPlan" name="TM002testSetDefaultPlan" time="0.188"/>
  <testcase classname="xuriti.TC_0005_AddBuyerInSellerCreditPlan" name="TM0003testAddBuyerInCreditPlan" time="5.106"/>
  <testcase classname="xuriti.TC_0006_NBFC_BuyerMapping" name="TM0001testSearchNBFC" time="5.65"/>
  <testcase classname="xuriti.TC_0006_NBFC_BuyerMapping" name="TM0002testNBFC_BuyerAndSellerMapping" time="18.831"/>
  <testcase classname="xuriti.TC_0007_CreditLimitApproval" name="TM0001testApproveCreditLimit" time="0.281"/>
  <testcase classname="xuriti.TC_0008_UploadExcelInvoice" name="uploadExcelInvoice" time="0.745"/>
  <testcase classname="xuriti.TC_0009_ConfirmBuyerInvoice" name="TM0001testSearchBuyerInvoice" time="5.206"/>
  <testcase classname="xuriti.TC_0009_ConfirmBuyerInvoice" name="TM0002testInvoicecComment" time="0.107"/>
  <testcase classname="xuriti.TC_0009_ConfirmBuyerInvoice" name="TM0002testConfirmInvoice" time="0.292"/>
  <testcase classname="xuriti.TC_0010_PaidInvoice" name="TM001testGetInvoice" time="0.126"/>
  <testcase classname="xuriti.TC_0010_PaidInvoice" name="TM002testSelectSeller" time="0.184"/>
  <testcase classname="xuriti.TC_0010_PaidInvoice" name="TM003testSearchInvoice" time="0.238"/>
  <testcase classname="xuriti.TC_0010_PaidInvoice" name="TM004testFetchSeller" time="0.098"/>
  <testcase classname="xuriti.TC_0010_PaidInvoice" name="TM005testSelectSeller" time="0.116"/>
  <testcase classname="xuriti.TC_0010_PaidInvoice" name="TM006testPayAmount" time="0.105"/>
</testsuite> <!-- Test -->
